This is pdfTeXk, Version 3.141592-1.40.3 (Web2C 7.5.6) (format=latex 2015.10.24)  20 NOV 2016 22:06
entering extended mode
 %&-line parsing enabled.
**lab8.tex
(./lab8.tex
LaTeX2e <2005/12/01>
Babel <v3.8h> and hyphenation patterns for english, usenglishmax, dumylang, noh
yphenation, arabic, basque, bulgarian, coptic, welsh, czech, slovak, german, ng
erman, danish, esperanto, spanish, catalan, galician, estonian, farsi, finnish,
 french, greek, monogreek, ancientgreek, croatian, hungarian, interlingua, ibyc
us, indonesian, icelandic, italian, latin, mongolian, dutch, norsk, polish, por
tuguese, pinyin, romanian, russian, slovenian, uppersorbian, serbian, swedish, 
turkish, ukenglish, ukrainian, loaded.
(/usr/share/texmf/tex/latex/base/article.cls
Document Class: article 2005/09/16 v1.4f Standard LaTeX document class
(/usr/share/texmf/tex/latex/base/size10.clo
File: size10.clo 2005/09/16 v1.4f Standard LaTeX file (size option)
)
\c@part=\count79
\c@section=\count80
\c@subsection=\count81
\c@subsubsection=\count82
\c@paragraph=\count83
\c@subparagraph=\count84
\c@figure=\count85
\c@table=\count86
\abovecaptionskip=\skip41
\belowcaptionskip=\skip42
\bibindent=\dimen102
)
(/usr/share/texmf/tex/latex/amsmath/amsmath.sty
Package: amsmath 2000/07/18 v2.13 AMS math features
\@mathmargin=\skip43

For additional information on amsmath, use the `?' option.
(/usr/share/texmf/tex/latex/amsmath/amstext.sty
Package: amstext 2000/06/29 v2.01

(/usr/share/texmf/tex/latex/amsmath/amsgen.sty
File: amsgen.sty 1999/11/30 v2.0
\@emptytoks=\toks14
\ex@=\dimen103
))
(/usr/share/texmf/tex/latex/amsmath/amsbsy.sty
Package: amsbsy 1999/11/29 v1.2d
\pmbraise@=\dimen104
)
(/usr/share/texmf/tex/latex/amsmath/amsopn.sty
Package: amsopn 1999/12/14 v2.01 operator names
)
\inf@bad=\count87
LaTeX Info: Redefining \frac on input line 211.
\uproot@=\count88
\leftroot@=\count89
LaTeX Info: Redefining \overline on input line 307.
\classnum@=\count90
\DOTSCASE@=\count91
LaTeX Info: Redefining \ldots on input line 379.
LaTeX Info: Redefining \dots on input line 382.
LaTeX Info: Redefining \cdots on input line 467.
\Mathstrutbox@=\box26
\strutbox@=\box27
\big@size=\dimen105
LaTeX Font Info:    Redeclaring font encoding OML on input line 567.
LaTeX Font Info:    Redeclaring font encoding OMS on input line 568.
\macc@depth=\count92
\c@MaxMatrixCols=\count93
\dotsspace@=\muskip10
\c@parentequation=\count94
\dspbrk@lvl=\count95
\tag@help=\toks15
\row@=\count96
\column@=\count97
\maxfields@=\count98
\andhelp@=\toks16
\eqnshift@=\dimen106
\alignsep@=\dimen107
\tagshift@=\dimen108
\tagwidth@=\dimen109
\totwidth@=\dimen110
\lineht@=\dimen111
\@envbody=\toks17
\multlinegap=\skip44
\multlinetaggap=\skip45
\mathdisplay@stack=\toks18
LaTeX Info: Redefining \[ on input line 2666.
LaTeX Info: Redefining \] on input line 2667.
)
(/usr/share/texmf/tex/latex/graphics/epsfig.sty
Package: epsfig 1999/02/16 v1.7a (e)psfig emulation (SPQR)

(/usr/share/texmf/tex/latex/graphics/graphicx.sty
Package: graphicx 1999/02/16 v1.0f Enhanced LaTeX Graphics (DPC,SPQR)

(/usr/share/texmf/tex/latex/graphics/keyval.sty
Package: keyval 1999/03/16 v1.13 key=value parser (DPC)
\KV@toks@=\toks19
)
(/usr/share/texmf/tex/latex/graphics/graphics.sty
Package: graphics 2006/02/20 v1.0o Standard LaTeX Graphics (DPC,SPQR)

(/usr/share/texmf/tex/latex/graphics/trig.sty
Package: trig 1999/03/16 v1.09 sin cos tan (DPC)
)
(/usr/share/texmf/tex/latex/config/graphics.cfg
File: graphics.cfg 2007/01/18 v1.5 graphics configuration of teTeX/TeXLive
)
Package graphics Info: Driver file: dvips.def on input line 90.

(/usr/share/texmf/tex/latex/graphics/dvips.def
File: dvips.def 1999/02/16 v3.0i Driver-dependant file (DPC,SPQR)
))
\Gin@req@height=\dimen112
\Gin@req@width=\dimen113
)
\epsfxsize=\dimen114
\epsfysize=\dimen115
)
(/usr/share/texmf/tex/latex/listings/listings.sty
\lst@mode=\count99
\lst@gtempboxa=\box28
\lst@token=\toks20
\lst@length=\count100
\lst@currlwidth=\dimen116
\lst@column=\count101
\lst@pos=\count102
\lst@lostspace=\dimen117
\lst@width=\dimen118
\lst@newlines=\count103
\lst@lineno=\count104
\c@lstlisting=\count105
\lst@maxwidth=\dimen119

(/usr/share/texmf/tex/latex/listings/lstpatch.sty
File: lstpatch.sty 2004/10/17 1.3b (Carsten Heinz)
)
(/usr/share/texmf/tex/latex/listings/lstmisc.sty
File: lstmisc.sty 2004/09/07 1.3 (Carsten Heinz)
\c@lstnumber=\count106
\lst@skipnumbers=\count107
\lst@framebox=\box29
)
(/usr/share/texmf/tex/latex/listings/listings.cfg
File: listings.cfg 2004/09/05 1.3 listings configuration
))
Package: listings 2004/10/17 1.3b (Carsten Heinz)

(/usr/share/texmf/tex/latex/moreverb/moreverb.sty
Package: moreverb 1997/12/07 v2.2d.2 `more' verbatim facilities

(/usr/share/texmf/tex/latex/tools/verbatim.sty
Package: verbatim 2003/08/22 v1.5q LaTeX2e package for verbatim enhancements
\every@verbatim=\toks21
\verbatim@line=\toks22
\verbatim@in@stream=\read1
)
\verbatim@out=\write3
\tab@position=\count108
\tab@size=\count109
\listing@line=\count110
)
(/usr/share/texmf/tex/latex/vmargin/vmargin.sty
Package: vmargin 2004/07/15 V2.5 set document margins (VK)

Package: vmargin 2004/07/15 V2.5 set document margins (VK)
\PaperWidth=\dimen120
\PaperHeight=\dimen121
) (/usr/share/texmf/tex/latex/multirow/multirow.sty
\bigstrutjot=\dimen122
)
(/usr/share/texmf/tex/latex/rotating/rotating.sty
Package: rotating 1997/09/26, v2.13 Rotation package

(/usr/share/texmf/tex/latex/base/ifthen.sty
Package: ifthen 2001/05/26 v1.1c Standard LaTeX ifthen package (DPC)
)
\c@r@tfl@t=\count111
\rot@float@box=\box30
) (./lab8.aux)
\openout1 = `lab8.aux'.

LaTeX Font Info:    Checking defaults for OML/cmm/m/it on input line 22.
LaTeX Font Info:    ... okay on input line 22.
LaTeX Font Info:    Checking defaults for T1/cmr/m/n on input line 22.
LaTeX Font Info:    ... okay on input line 22.
LaTeX Font Info:    Checking defaults for OT1/cmr/m/n on input line 22.
LaTeX Font Info:    ... okay on input line 22.
LaTeX Font Info:    Checking defaults for OMS/cmsy/m/n on input line 22.
LaTeX Font Info:    ... okay on input line 22.
LaTeX Font Info:    Checking defaults for OMX/cmex/m/n on input line 22.
LaTeX Font Info:    ... okay on input line 22.
LaTeX Font Info:    Checking defaults for U/cmr/m/n on input line 22.
LaTeX Font Info:    ... okay on input line 22.
 (./lab8.toc)
\tf@toc=\write4
\openout4 = `lab8.toc'.


(./lab8.lof [1

])
\tf@lof=\write5
\openout5 = `lab8.lof'.

 [2]
Underfull \hbox (badness 10000) in paragraph at lines 67--72

 []


Underfull \hbox (badness 10000) in paragraph at lines 74--79

 []


Underfull \hbox (badness 10000) in paragraph at lines 82--87

 []


Underfull \hbox (badness 10000) in paragraph at lines 90--93

 []


Underfull \hbox (badness 10000) in paragraph at lines 96--105

 []

[3]
Underfull \hbox (badness 10000) in paragraph at lines 108--113

 []


Underfull \hbox (badness 10000) in paragraph at lines 115--120

 []


Underfull \hbox (badness 10000) in paragraph at lines 122--124

 []


Underfull \hbox (badness 10000) in paragraph at lines 135--136

 []

[4] [5] [6] [7] [8] [9] [10]
Overfull \hbox (186.48923pt too wide) in paragraph at lines 182--182
[][]         \OT1/cmtt/m/n/10 yeqn = @(coefs, x1e, x2e) coefs(1)*x2e.^1 + coefs
(2)*x1e.^3 + coefs(3)*x1e.^2 + coefs(4)*x1e.^1 + coefs(5)*x1e.^0;[] 
 []


Overfull \hbox (102.48996pt too wide) in paragraph at lines 182--182
[][]         \OT1/cmtt/m/n/10 A    =                            [x2v.^1        
    x1v.^3            x1v.^2  x1v.^1    x1v.^0 ];[] 
 []

[11]
Missing character: There is no ° in font cmtt10!
 [12]
Overfull \hbox (76.24019pt too wide) in paragraph at lines 187--187
[][]         \OT1/cmtt/m/n/10 yeqn = @(coefs, x) coefs(1).*exp(-1.5.*x) + coefs
(2).*exp(-0.3.*x) + coefs(3).*exp(-0.05.*x);[] 
 []

[13] [14]
Overfull \hbox (70.99023pt too wide) in paragraph at lines 191--191
[][]         \OT1/cmtt/m/n/10 yeqn = @(coefs, x) coefs(1).*exp(-1.5.*x) + coefs
(2).*exp(-0.3.*x) + coefs(3).*exp(-0.2.*x);[] 
 []

[15] [16]
Overfull \hbox (39.49051pt too wide) in paragraph at lines 195--195
[][] \OT1/cmtt/m/n/10 %% Define the model equation; transform the variables; fi
nd the linearized fit; transform back[] 
 []

[17] [18] [19] [20] [21] [22]
File: DistanceVelocityPlot.eps Graphic file (type eps)
 <DistanceVelocityPlot.eps>
File: BacteriaPlot.eps Graphic file (type eps)
 <BacteriaPlot.eps>
File: OxygenConcentration.eps Graphic file (type eps)

<OxygenConcentration.eps>
File: Decay11.eps Graphic file (type eps)
 <Decay11.eps>

LaTeX Warning: `!h' float specifier changed to `!ht'.

File: Decay12.eps Graphic file (type eps)
<Decay12.eps>

LaTeX Warning: `!h' float specifier changed to `!ht'.

File: Decay21.eps Graphic file (type eps)
<Decay21.eps>

LaTeX Warning: `!h' float specifier changed to `!ht'.

File: Decay22.eps Graphic file (type eps)
<Decay22.eps>

LaTeX Warning: `!h' float specifier changed to `!ht'.

File: ./M11.eps Graphic file (type eps)
<./M11.eps>
File: ./M12.eps Graphic file (type eps)
 <./M12.eps>
File: ./M13.eps Graphic file (type eps)
 <./M13.eps>
File: ./M14.eps Graphic file (type eps)
 <./M14.eps>
File: ./M15.eps Graphic file (type eps)
 <./M15.eps>
File: ./M16.eps Graphic file (type eps)
 <./M16.eps>
Adding sideways figure on  right hand page

LaTeX Warning: `!h' float specifier changed to `!ht'.

File: ./M21.eps Graphic file (type eps)
<./M21.eps>
File: ./M22.eps Graphic file (type eps)
 <./M22.eps>
File: ./M23.eps Graphic file (type eps)
 <./M23.eps>
File: ./M24.eps Graphic file (type eps)
 <./M24.eps>
File: ./M25.eps Graphic file (type eps)
 <./M25.eps>
File: ./M26.eps Graphic file (type eps)
 <./M26.eps>
Adding sideways figure on  right hand page

LaTeX Warning: `!h' float specifier changed to `!ht'.

[23] [24] [25] [26] [27] (./lab8.aux) ) 
Here is how much of TeX's memory you used:
 2648 strings out of 256215
 34219 string characters out of 1917022
 92542 words of memory out of 1500000
 5900 multiletter control sequences out of 10000+200000
 6852 words of font info for 26 fonts, out of 1200000 for 2000
 645 hyphenation exceptions out of 8191
 32i,10n,32p,339b,429s stack positions out of 5000i,500n,6000p,200000b,15000s

Output written on lab8.dvi (27 pages, 49376 bytes).
